{"/Users/javier/Development/react-native-e2e-test-detox/src/components/DeveloperMenu.ios.js": {"path":"/Users/javier/Development/react-native-e2e-test-detox/src/components/DeveloperMenu.ios.js","statementMap":{"0":{"start":{"line":19,"column":20},"end":{"line":23,"column":5}},"1":{"start":{"line":25,"column":21},"end":{"line":30,"column":5}},"2":{"start":{"line":26,"column":6},"end":{"line":29,"column":7}},"3":{"start":{"line":27,"column":8},"end":{"line":27,"column":39}},"4":{"start":{"line":28,"column":8},"end":{"line":28,"column":90}},"5":{"start":{"line":32,"column":4},"end":{"line":38,"column":17}},"6":{"start":{"line":42,"column":4},"end":{"line":44,"column":5}},"7":{"start":{"line":43,"column":6},"end":{"line":43,"column":18}},"8":{"start":{"line":46,"column":4},"end":{"line":51,"column":6}},"9":{"start":{"line":55,"column":15},"end":{"line":65,"column":2}}},"fnMap":{"0":{"name":"(anonymous_0)","decl":{"start":{"line":18,"column":2},"end":{"line":18,"column":3}},"loc":{"start":{"line":18,"column":22},"end":{"line":39,"column":3}}},"1":{"name":"(anonymous_1)","decl":{"start":{"line":25,"column":21},"end":{"line":25,"column":22}},"loc":{"start":{"line":25,"column":36},"end":{"line":30,"column":5}}},"2":{"name":"(anonymous_2)","decl":{"start":{"line":41,"column":2},"end":{"line":41,"column":3}},"loc":{"start":{"line":41,"column":11},"end":{"line":52,"column":3}}}},"branchMap":{"0":{"loc":{"start":{"line":26,"column":6},"end":{"line":29,"column":7}},"type":"if","locations":[{"start":{"line":26,"column":6},"end":{"line":29,"column":7}},{"start":{"line":26,"column":6},"end":{"line":29,"column":7}}]},"1":{"loc":{"start":{"line":42,"column":4},"end":{"line":44,"column":5}},"type":"if","locations":[{"start":{"line":42,"column":4},"end":{"line":44,"column":5}},{"start":{"line":42,"column":4},"end":{"line":44,"column":5}}]}},"s":{"0":0,"1":0,"2":0,"3":0,"4":0,"5":0,"6":0,"7":0,"8":0,"9":1},"f":{"0":0,"1":0,"2":0},"b":{"0":[0,0],"1":[0,0]},"_coverageSchema":"332fd63041d2c1bcb487cc26dd0d5f7d97098a6c","hash":"b6f47efc20b2f188808877ec1d127764b18ad0a4"}
,"/Users/javier/Development/react-native-e2e-test-detox/src/modules/AppView.ios.js": {"path":"/Users/javier/Development/react-native-e2e-test-detox/src/modules/AppView.ios.js","statementMap":{"0":{"start":{"line":19,"column":4},"end":{"line":32,"column":9}},"1":{"start":{"line":21,"column":27},"end":{"line":21,"column":37}},"2":{"start":{"line":23,"column":8},"end":{"line":27,"column":9}},"3":{"start":{"line":24,"column":10},"end":{"line":24,"column":80}},"4":{"start":{"line":26,"column":10},"end":{"line":26,"column":65}},"5":{"start":{"line":29,"column":8},"end":{"line":31,"column":11}},"6":{"start":{"line":30,"column":10},"end":{"line":30,"column":54}},"7":{"start":{"line":36,"column":4},"end":{"line":42,"column":5}},"8":{"start":{"line":37,"column":6},"end":{"line":41,"column":8}},"9":{"start":{"line":44,"column":4},"end":{"line":50,"column":6}},"10":{"start":{"line":54,"column":15},"end":{"line":59,"column":2}}},"fnMap":{"0":{"name":"(anonymous_0)","decl":{"start":{"line":18,"column":2},"end":{"line":18,"column":3}},"loc":{"start":{"line":18,"column":22},"end":{"line":33,"column":3}}},"1":{"name":"(anonymous_1)","decl":{"start":{"line":20,"column":12},"end":{"line":20,"column":13}},"loc":{"start":{"line":20,"column":24},"end":{"line":32,"column":7}}},"2":{"name":"(anonymous_2)","decl":{"start":{"line":29,"column":24},"end":{"line":29,"column":25}},"loc":{"start":{"line":29,"column":30},"end":{"line":31,"column":9}}},"3":{"name":"(anonymous_3)","decl":{"start":{"line":35,"column":2},"end":{"line":35,"column":3}},"loc":{"start":{"line":35,"column":11},"end":{"line":51,"column":3}}}},"branchMap":{"0":{"loc":{"start":{"line":23,"column":8},"end":{"line":27,"column":9}},"type":"if","locations":[{"start":{"line":23,"column":8},"end":{"line":27,"column":9}},{"start":{"line":23,"column":8},"end":{"line":27,"column":9}}]},"1":{"loc":{"start":{"line":36,"column":4},"end":{"line":42,"column":5}},"type":"if","locations":[{"start":{"line":36,"column":4},"end":{"line":42,"column":5}},{"start":{"line":36,"column":4},"end":{"line":42,"column":5}}]},"2":{"loc":{"start":{"line":48,"column":9},"end":{"line":48,"column":37}},"type":"binary-expr","locations":[{"start":{"line":48,"column":9},"end":{"line":48,"column":16}},{"start":{"line":48,"column":20},"end":{"line":48,"column":37}}]}},"s":{"0":2,"1":2,"2":2,"3":0,"4":2,"5":2,"6":0,"7":2,"8":1,"9":1,"10":1},"f":{"0":2,"1":2,"2":0,"3":2},"b":{"0":[0,2],"1":[1,1],"2":[1,1]},"_coverageSchema":"332fd63041d2c1bcb487cc26dd0d5f7d97098a6c","hash":"396666a22d118a4426a6d2397dd50743d770f2e2"}
,"/Users/javier/Development/react-native-e2e-test-detox/src/modules/colors/ColorView.js": {"path":"/Users/javier/Development/react-native-e2e-test-detox/src/modules/colors/ColorView.js","statementMap":{"0":{"start":{"line":11,"column":14},"end":{"line":11,"column":51}},"1":{"start":{"line":11,"column":20},"end":{"line":11,"column":51}},"2":{"start":{"line":23,"column":8},"end":{"line":23,"column":68}},"3":{"start":{"line":37,"column":4},"end":{"line":37,"column":17}},"4":{"start":{"line":38,"column":4},"end":{"line":40,"column":6}},"5":{"start":{"line":44,"column":4},"end":{"line":44,"column":59}},"6":{"start":{"line":48,"column":23},"end":{"line":48,"column":48}},"7":{"start":{"line":49,"column":4},"end":{"line":53,"column":6}},"8":{"start":{"line":57,"column":15},"end":{"line":63,"column":2}}},"fnMap":{"0":{"name":"(anonymous_0)","decl":{"start":{"line":11,"column":14},"end":{"line":11,"column":15}},"loc":{"start":{"line":11,"column":20},"end":{"line":11,"column":51}}},"1":{"name":"(anonymous_1)","decl":{"start":{"line":22,"column":16},"end":{"line":22,"column":17}},"loc":{"start":{"line":23,"column":8},"end":{"line":23,"column":68}}},"2":{"name":"(anonymous_2)","decl":{"start":{"line":36,"column":2},"end":{"line":36,"column":3}},"loc":{"start":{"line":36,"column":21},"end":{"line":41,"column":3}}},"3":{"name":"(anonymous_3)","decl":{"start":{"line":43,"column":9},"end":{"line":43,"column":10}},"loc":{"start":{"line":43,"column":15},"end":{"line":45,"column":3}}},"4":{"name":"(anonymous_4)","decl":{"start":{"line":47,"column":2},"end":{"line":47,"column":3}},"loc":{"start":{"line":47,"column":11},"end":{"line":54,"column":3}}}},"branchMap":{},"s":{"0":3,"1":0,"2":0,"3":0,"4":0,"5":0,"6":0,"7":0,"8":3},"f":{"0":0,"1":0,"2":0,"3":0,"4":0},"b":{},"_coverageSchema":"332fd63041d2c1bcb487cc26dd0d5f7d97098a6c","hash":"c31c370e8105a95eb634b273fddbf909276e9f41"}
,"/Users/javier/Development/react-native-e2e-test-detox/src/modules/colors/ColorViewContainer.js": {"path":"/Users/javier/Development/react-native-e2e-test-detox/src/modules/colors/ColorViewContainer.js","statementMap":{"0":{"start":{"line":9,"column":5},"end":{"line":11,"column":7}}},"fnMap":{"0":{"name":"(anonymous_0)","decl":{"start":{"line":8,"column":3},"end":{"line":8,"column":4}},"loc":{"start":{"line":8,"column":15},"end":{"line":12,"column":4}}}},"branchMap":{},"s":{"0":0},"f":{"0":0},"b":{},"_coverageSchema":"332fd63041d2c1bcb487cc26dd0d5f7d97098a6c","hash":"7fe24499ef6114321c05af4af835cfb41fad9625"}
,"/Users/javier/Development/react-native-e2e-test-detox/src/modules/counter/CounterState.js": {"path":"/Users/javier/Development/react-native-e2e-test-detox/src/modules/counter/CounterState.js","statementMap":{"0":{"start":{"line":6,"column":21},"end":{"line":9,"column":2}},"1":{"start":{"line":12,"column":18},"end":{"line":12,"column":42}},"2":{"start":{"line":13,"column":14},"end":{"line":13,"column":34}},"3":{"start":{"line":14,"column":23},"end":{"line":14,"column":52}},"4":{"start":{"line":15,"column":24},"end":{"line":15,"column":54}},"5":{"start":{"line":19,"column":2},"end":{"line":19,"column":27}},"6":{"start":{"line":23,"column":2},"end":{"line":23,"column":23}},"7":{"start":{"line":27,"column":2},"end":{"line":29,"column":4}},"8":{"start":{"line":33,"column":2},"end":{"line":36,"column":4}},"9":{"start":{"line":41,"column":2},"end":{"line":61,"column":3}},"10":{"start":{"line":43,"column":6},"end":{"line":43,"column":55}},"11":{"start":{"line":43,"column":44},"end":{"line":43,"column":53}},"12":{"start":{"line":46,"column":6},"end":{"line":46,"column":26}},"13":{"start":{"line":49,"column":6},"end":{"line":52,"column":8}},"14":{"start":{"line":55,"column":6},"end":{"line":57,"column":38}},"15":{"start":{"line":60,"column":6},"end":{"line":60,"column":19}}},"fnMap":{"0":{"name":"increment","decl":{"start":{"line":18,"column":16},"end":{"line":18,"column":25}},"loc":{"start":{"line":18,"column":28},"end":{"line":20,"column":1}}},"1":{"name":"reset","decl":{"start":{"line":22,"column":16},"end":{"line":22,"column":21}},"loc":{"start":{"line":22,"column":24},"end":{"line":24,"column":1}}},"2":{"name":"random","decl":{"start":{"line":26,"column":16},"end":{"line":26,"column":22}},"loc":{"start":{"line":26,"column":25},"end":{"line":30,"column":1}}},"3":{"name":"requestRandomNumber","decl":{"start":{"line":32,"column":22},"end":{"line":32,"column":41}},"loc":{"start":{"line":32,"column":44},"end":{"line":37,"column":1}}},"4":{"name":"CounterStateReducer","decl":{"start":{"line":40,"column":24},"end":{"line":40,"column":43}},"loc":{"start":{"line":40,"column":79},"end":{"line":62,"column":1}}},"5":{"name":"(anonymous_5)","decl":{"start":{"line":43,"column":35},"end":{"line":43,"column":36}},"loc":{"start":{"line":43,"column":44},"end":{"line":43,"column":53}}}},"branchMap":{"0":{"loc":{"start":{"line":40,"column":44},"end":{"line":40,"column":64}},"type":"default-arg","locations":[{"start":{"line":40,"column":52},"end":{"line":40,"column":64}}]},"1":{"loc":{"start":{"line":40,"column":66},"end":{"line":40,"column":77}},"type":"default-arg","locations":[{"start":{"line":40,"column":75},"end":{"line":40,"column":77}}]},"2":{"loc":{"start":{"line":41,"column":2},"end":{"line":61,"column":3}},"type":"switch","locations":[{"start":{"line":42,"column":4},"end":{"line":43,"column":55}},{"start":{"line":45,"column":4},"end":{"line":46,"column":26}},{"start":{"line":48,"column":4},"end":{"line":52,"column":8}},{"start":{"line":54,"column":4},"end":{"line":57,"column":38}},{"start":{"line":59,"column":4},"end":{"line":60,"column":19}}]}},"s":{"0":3,"1":3,"2":3,"3":3,"4":3,"5":3,"6":1,"7":1,"8":1,"9":10,"10":3,"11":3,"12":1,"13":1,"14":1,"15":4},"f":{"0":3,"1":1,"2":1,"3":1,"4":10,"5":3},"b":{"0":[3],"1":[0],"2":[3,1,1,1,4]},"_coverageSchema":"332fd63041d2c1bcb487cc26dd0d5f7d97098a6c","hash":"cdef1ae2a45a331a4dfacd26966a976c532e3bce"}
,"/Users/javier/Development/react-native-e2e-test-detox/src/modules/counter/CounterView.js": {"path":"/Users/javier/Development/react-native-e2e-test-detox/src/modules/counter/CounterView.js","statementMap":{"0":{"start":{"line":19,"column":8},"end":{"line":19,"column":66}},"1":{"start":{"line":37,"column":4},"end":{"line":37,"column":47}},"2":{"start":{"line":41,"column":4},"end":{"line":41,"column":43}},"3":{"start":{"line":45,"column":4},"end":{"line":45,"column":44}},"4":{"start":{"line":49,"column":4},"end":{"line":49,"column":46}},"5":{"start":{"line":53,"column":4},"end":{"line":55,"column":5}},"6":{"start":{"line":54,"column":6},"end":{"line":54,"column":18}},"7":{"start":{"line":57,"column":4},"end":{"line":71,"column":6}},"8":{"start":{"line":75,"column":25},"end":{"line":77,"column":12}},"9":{"start":{"line":79,"column":4},"end":{"line":119,"column":6}},"10":{"start":{"line":123,"column":15},"end":{"line":128,"column":1}},"11":{"start":{"line":130,"column":15},"end":{"line":169,"column":2}}},"fnMap":{"0":{"name":"(anonymous_0)","decl":{"start":{"line":18,"column":16},"end":{"line":18,"column":17}},"loc":{"start":{"line":19,"column":8},"end":{"line":19,"column":66}}},"1":{"name":"(anonymous_1)","decl":{"start":{"line":36,"column":14},"end":{"line":36,"column":15}},"loc":{"start":{"line":36,"column":20},"end":{"line":38,"column":3}}},"2":{"name":"(anonymous_2)","decl":{"start":{"line":40,"column":10},"end":{"line":40,"column":11}},"loc":{"start":{"line":40,"column":16},"end":{"line":42,"column":3}}},"3":{"name":"(anonymous_3)","decl":{"start":{"line":44,"column":11},"end":{"line":44,"column":12}},"loc":{"start":{"line":44,"column":17},"end":{"line":46,"column":3}}},"4":{"name":"(anonymous_4)","decl":{"start":{"line":48,"column":10},"end":{"line":48,"column":11}},"loc":{"start":{"line":48,"column":16},"end":{"line":50,"column":3}}},"5":{"name":"(anonymous_5)","decl":{"start":{"line":52,"column":19},"end":{"line":52,"column":20}},"loc":{"start":{"line":52,"column":25},"end":{"line":72,"column":3}}},"6":{"name":"(anonymous_6)","decl":{"start":{"line":74,"column":2},"end":{"line":74,"column":3}},"loc":{"start":{"line":74,"column":11},"end":{"line":120,"column":3}}}},"branchMap":{"0":{"loc":{"start":{"line":53,"column":4},"end":{"line":55,"column":5}},"type":"if","locations":[{"start":{"line":53,"column":4},"end":{"line":55,"column":5}},{"start":{"line":53,"column":4},"end":{"line":55,"column":5}}]},"1":{"loc":{"start":{"line":75,"column":25},"end":{"line":77,"column":12}},"type":"cond-expr","locations":[{"start":{"line":76,"column":8},"end":{"line":76,"column":33}},{"start":{"line":77,"column":8},"end":{"line":77,"column":12}}]}},"s":{"0":0,"1":0,"2":0,"3":0,"4":0,"5":0,"6":0,"7":0,"8":0,"9":0,"10":3,"11":3},"f":{"0":0,"1":0,"2":0,"3":0,"4":0,"5":0,"6":0},"b":{"0":[0,0],"1":[0,0]},"_coverageSchema":"332fd63041d2c1bcb487cc26dd0d5f7d97098a6c","hash":"32bcf581ddb612d8a27871f6d688439b9dba602f"}
,"/Users/javier/Development/react-native-e2e-test-detox/src/modules/counter/CounterViewContainer.js": {"path":"/Users/javier/Development/react-native-e2e-test-detox/src/modules/counter/CounterViewContainer.js","statementMap":{"0":{"start":{"line":8,"column":12},"end":{"line":11,"column":3}},"1":{"start":{"line":13,"column":4},"end":{"line":16,"column":6}}},"fnMap":{"0":{"name":"(anonymous_0)","decl":{"start":{"line":8,"column":2},"end":{"line":8,"column":3}},"loc":{"start":{"line":8,"column":12},"end":{"line":11,"column":3}}},"1":{"name":"(anonymous_1)","decl":{"start":{"line":12,"column":2},"end":{"line":12,"column":3}},"loc":{"start":{"line":12,"column":14},"end":{"line":17,"column":3}}}},"branchMap":{},"s":{"0":0,"1":0},"f":{"0":0,"1":0},"b":{},"_coverageSchema":"332fd63041d2c1bcb487cc26dd0d5f7d97098a6c","hash":"10666c86064ee0304dd64417a23cd5c3a79f2a72"}
,"/Users/javier/Development/react-native-e2e-test-detox/src/modules/navigator/Navigator.js": {"path":"/Users/javier/Development/react-native-e2e-test-detox/src/modules/navigator/Navigator.js","statementMap":{"0":{"start":{"line":7,"column":20},"end":{"line":7,"column":29}},"1":{"start":{"line":8,"column":20},"end":{"line":8,"column":27}},"2":{"start":{"line":11,"column":35},"end":{"line":24,"column":2}},"3":{"start":{"line":26,"column":0},"end":{"line":33,"column":2}},"4":{"start":{"line":36,"column":21},"end":{"line":39,"column":2}}},"fnMap":{},"branchMap":{},"s":{"0":3,"1":3,"2":3,"3":3,"4":3},"f":{},"b":{},"_coverageSchema":"332fd63041d2c1bcb487cc26dd0d5f7d97098a6c","hash":"b998ade6b7eb4e3f318bbbfec198fdd14bde3053"}
,"/Users/javier/Development/react-native-e2e-test-detox/src/modules/navigator/NavigatorState.js": {"path":"/Users/javier/Development/react-native-e2e-test-detox/src/modules/navigator/NavigatorState.js","statementMap":{"0":{"start":{"line":9,"column":2},"end":{"line":11,"column":3}},"1":{"start":{"line":10,"column":4},"end":{"line":10,"column":72}},"2":{"start":{"line":14,"column":2},"end":{"line":16,"column":3}},"3":{"start":{"line":15,"column":4},"end":{"line":15,"column":79}},"4":{"start":{"line":18,"column":2},"end":{"line":18,"column":15}}},"fnMap":{"0":{"name":"NavigatorReducer","decl":{"start":{"line":7,"column":24},"end":{"line":7,"column":40}},"loc":{"start":{"line":7,"column":56},"end":{"line":19,"column":1}}}},"branchMap":{"0":{"loc":{"start":{"line":9,"column":2},"end":{"line":11,"column":3}},"type":"if","locations":[{"start":{"line":9,"column":2},"end":{"line":11,"column":3}},{"start":{"line":9,"column":2},"end":{"line":11,"column":3}}]},"1":{"loc":{"start":{"line":14,"column":2},"end":{"line":16,"column":3}},"type":"if","locations":[{"start":{"line":14,"column":2},"end":{"line":16,"column":3}},{"start":{"line":14,"column":2},"end":{"line":16,"column":3}}]}},"s":{"0":10,"1":3,"2":7,"3":0,"4":7},"f":{"0":10},"b":{"0":[3,7],"1":[0,7]},"_coverageSchema":"332fd63041d2c1bcb487cc26dd0d5f7d97098a6c","hash":"577dfc826c1ce112b28e6ddbb0ee92fec06deb97"}
,"/Users/javier/Development/react-native-e2e-test-detox/src/modules/navigator/NavigatorView.js": {"path":"/Users/javier/Development/react-native-e2e-test-detox/src/modules/navigator/NavigatorView.js","statementMap":{"0":{"start":{"line":22,"column":4},"end":{"line":31,"column":6}}},"fnMap":{"0":{"name":"(anonymous_0)","decl":{"start":{"line":21,"column":2},"end":{"line":21,"column":3}},"loc":{"start":{"line":21,"column":11},"end":{"line":32,"column":3}}}},"branchMap":{},"s":{"0":0},"f":{"0":0},"b":{},"_coverageSchema":"332fd63041d2c1bcb487cc26dd0d5f7d97098a6c","hash":"fd9913494f5e042b7b9521330cbb9bf1437db87d"}
,"/Users/javier/Development/react-native-e2e-test-detox/src/modules/navigator/NavigatorViewContainer.js": {"path":"/Users/javier/Development/react-native-e2e-test-detox/src/modules/navigator/NavigatorViewContainer.js","statementMap":{"0":{"start":{"line":5,"column":12},"end":{"line":7,"column":3}}},"fnMap":{"0":{"name":"(anonymous_0)","decl":{"start":{"line":5,"column":2},"end":{"line":5,"column":3}},"loc":{"start":{"line":5,"column":12},"end":{"line":7,"column":3}}}},"branchMap":{},"s":{"0":0},"f":{"0":0},"b":{},"_coverageSchema":"332fd63041d2c1bcb487cc26dd0d5f7d97098a6c","hash":"a09975276a703f8d8503dabfb565ef27e7417995"}
,"/Users/javier/Development/react-native-e2e-test-detox/src/modules/session/SessionState.js": {"path":"/Users/javier/Development/react-native-e2e-test-detox/src/modules/session/SessionState.js","statementMap":{"0":{"start":{"line":3,"column":27},"end":{"line":3,"column":47}},"1":{"start":{"line":4,"column":32},"end":{"line":4,"column":57}},"2":{"start":{"line":6,"column":21},"end":{"line":6,"column":42}},"3":{"start":{"line":9,"column":2},"end":{"line":12,"column":4}},"4":{"start":{"line":16,"column":2},"end":{"line":18,"column":4}},"5":{"start":{"line":23,"column":2},"end":{"line":30,"column":3}},"6":{"start":{"line":26,"column":6},"end":{"line":26,"column":40}},"7":{"start":{"line":29,"column":6},"end":{"line":29,"column":19}}},"fnMap":{"0":{"name":"resetSessionStateFromSnapshot","decl":{"start":{"line":8,"column":16},"end":{"line":8,"column":45}},"loc":{"start":{"line":8,"column":53},"end":{"line":13,"column":1}}},"1":{"name":"initializeSessionState","decl":{"start":{"line":15,"column":16},"end":{"line":15,"column":38}},"loc":{"start":{"line":15,"column":41},"end":{"line":19,"column":1}}},"2":{"name":"SessionStateReducer","decl":{"start":{"line":22,"column":24},"end":{"line":22,"column":43}},"loc":{"start":{"line":22,"column":79},"end":{"line":31,"column":1}}}},"branchMap":{"0":{"loc":{"start":{"line":22,"column":44},"end":{"line":22,"column":64}},"type":"default-arg","locations":[{"start":{"line":22,"column":52},"end":{"line":22,"column":64}}]},"1":{"loc":{"start":{"line":22,"column":66},"end":{"line":22,"column":77}},"type":"default-arg","locations":[{"start":{"line":22,"column":75},"end":{"line":22,"column":77}}]},"2":{"loc":{"start":{"line":23,"column":2},"end":{"line":30,"column":3}},"type":"switch","locations":[{"start":{"line":24,"column":4},"end":{"line":24,"column":26}},{"start":{"line":25,"column":4},"end":{"line":26,"column":40}},{"start":{"line":28,"column":4},"end":{"line":29,"column":19}}]}},"s":{"0":3,"1":3,"2":3,"3":1,"4":2,"5":10,"6":1,"7":9},"f":{"0":1,"1":2,"2":10},"b":{"0":[3],"1":[0],"2":[0,1,9]},"_coverageSchema":"332fd63041d2c1bcb487cc26dd0d5f7d97098a6c","hash":"c6b599d27b354c219833a99519dfb51136c6c15f"}
,"/Users/javier/Development/react-native-e2e-test-detox/src/redux/middleware.js": {"path":"/Users/javier/Development/react-native-e2e-test-detox/src/redux/middleware.js","statementMap":{},"fnMap":{},"branchMap":{},"s":{},"f":{},"b":{},"_coverageSchema":"332fd63041d2c1bcb487cc26dd0d5f7d97098a6c","hash":"64a53078906cc0e89d4d31144512d27d2ca27068"}
,"/Users/javier/Development/react-native-e2e-test-detox/src/redux/reducer.js": {"path":"/Users/javier/Development/react-native-e2e-test-detox/src/redux/reducer.js","statementMap":{"0":{"start":{"line":8,"column":17},"end":{"line":18,"column":1}},"1":{"start":{"line":22,"column":32},"end":{"line":22,"column":37}},"2":{"start":{"line":23,"column":21},"end":{"line":23,"column":68}},"3":{"start":{"line":23,"column":37},"end":{"line":23,"column":68}},"4":{"start":{"line":24,"column":21},"end":{"line":24,"column":65}},"5":{"start":{"line":24,"column":44},"end":{"line":24,"column":65}},"6":{"start":{"line":26,"column":26},"end":{"line":31,"column":1}},"7":{"start":{"line":34,"column":31},"end":{"line":36,"column":48}},"8":{"start":{"line":39,"column":2},"end":{"line":39,"column":42}}},"fnMap":{"0":{"name":"(anonymous_0)","decl":{"start":{"line":23,"column":21},"end":{"line":23,"column":22}},"loc":{"start":{"line":23,"column":37},"end":{"line":23,"column":68}}},"1":{"name":"(anonymous_1)","decl":{"start":{"line":24,"column":21},"end":{"line":24,"column":22}},"loc":{"start":{"line":24,"column":44},"end":{"line":24,"column":65}}},"2":{"name":"mainReducer","decl":{"start":{"line":33,"column":24},"end":{"line":33,"column":35}},"loc":{"start":{"line":33,"column":51},"end":{"line":40,"column":1}}}},"branchMap":{"0":{"loc":{"start":{"line":23,"column":37},"end":{"line":23,"column":68}},"type":"cond-expr","locations":[{"start":{"line":23,"column":45},"end":{"line":23,"column":59}},{"start":{"line":23,"column":62},"end":{"line":23,"column":68}}]},"1":{"loc":{"start":{"line":34,"column":31},"end":{"line":36,"column":48}},"type":"cond-expr","locations":[{"start":{"line":35,"column":6},"end":{"line":35,"column":47}},{"start":{"line":36,"column":6},"end":{"line":36,"column":48}}]},"2":{"loc":{"start":{"line":36,"column":24},"end":{"line":36,"column":39}},"type":"binary-expr","locations":[{"start":{"line":36,"column":24},"end":{"line":36,"column":29}},{"start":{"line":36,"column":33},"end":{"line":36,"column":39}}]}},"s":{"0":3,"1":3,"2":3,"3":30,"4":3,"5":30,"6":3,"7":10,"8":10},"f":{"0":30,"1":30,"2":10},"b":{"0":[30,0],"1":[1,9],"2":[9,3]},"_coverageSchema":"332fd63041d2c1bcb487cc26dd0d5f7d97098a6c","hash":"9043b3aa0d180d832ca081e550d152e73d5037be"}
,"/Users/javier/Development/react-native-e2e-test-detox/src/redux/store.js": {"path":"/Users/javier/Development/react-native-e2e-test-detox/src/redux/store.js","statementMap":{"0":{"start":{"line":6,"column":18},"end":{"line":9,"column":1}},"1":{"start":{"line":16,"column":25},"end":{"line":20,"column":13}},"2":{"start":{"line":23,"column":17},"end":{"line":23,"column":47}},"3":{"start":{"line":26,"column":14},"end":{"line":30,"column":1}}},"fnMap":{},"branchMap":{"0":{"loc":{"start":{"line":16,"column":25},"end":{"line":20,"column":13}},"type":"binary-expr","locations":[{"start":{"line":17,"column":1},"end":{"line":17,"column":8}},{"start":{"line":18,"column":1},"end":{"line":18,"column":32}},{"start":{"line":19,"column":1},"end":{"line":19,"column":44}},{"start":{"line":20,"column":6},"end":{"line":20,"column":13}}]}},"s":{"0":1,"1":1,"2":1,"3":1},"f":{},"b":{"0":[1,1,0,1]},"_coverageSchema":"332fd63041d2c1bcb487cc26dd0d5f7d97098a6c","hash":"a7ccdee55fb09b0e0a994a1c0b5cbe39c14a0de4"}
,"/Users/javier/Development/react-native-e2e-test-detox/src/redux/middleware/loggerMiddleware.js": {"path":"/Users/javier/Development/react-native-e2e-test-detox/src/redux/middleware/loggerMiddleware.js","statementMap":{"0":{"start":{"line":8,"column":19},"end":{"line":8,"column":26}},"1":{"start":{"line":11,"column":29},"end":{"line":11,"column":41}},"2":{"start":{"line":15,"column":4},"end":{"line":17,"column":14}}},"fnMap":{"0":{"name":"(anonymous_0)","decl":{"start":{"line":8,"column":13},"end":{"line":8,"column":14}},"loc":{"start":{"line":8,"column":19},"end":{"line":8,"column":26}}},"1":{"name":"(anonymous_1)","decl":{"start":{"line":11,"column":20},"end":{"line":11,"column":21}},"loc":{"start":{"line":11,"column":29},"end":{"line":11,"column":41}}},"2":{"name":"(anonymous_2)","decl":{"start":{"line":14,"column":21},"end":{"line":14,"column":22}},"loc":{"start":{"line":15,"column":4},"end":{"line":17,"column":14}}}},"branchMap":{"0":{"loc":{"start":{"line":15,"column":4},"end":{"line":17,"column":14}},"type":"cond-expr","locations":[{"start":{"line":16,"column":8},"end":{"line":16,"column":51}},{"start":{"line":17,"column":8},"end":{"line":17,"column":14}}]},"1":{"loc":{"start":{"line":15,"column":4},"end":{"line":15,"column":51}},"type":"binary-expr","locations":[{"start":{"line":15,"column":4},"end":{"line":15,"column":10}},{"start":{"line":15,"column":14},"end":{"line":15,"column":28}},{"start":{"line":15,"column":32},"end":{"line":15,"column":51}}]}},"s":{"0":0,"1":0,"2":0},"f":{"0":0,"1":0,"2":0},"b":{"0":[0,0],"1":[0,0,0]},"_coverageSchema":"332fd63041d2c1bcb487cc26dd0d5f7d97098a6c","hash":"f2564b9f998b79402a886148cf906a7e1801608d"}
,"/Users/javier/Development/react-native-e2e-test-detox/src/services/randomNumberService.js": {"path":"/Users/javier/Development/react-native-e2e-test-detox/src/services/randomNumberService.js","statementMap":{"0":{"start":{"line":3,"column":2},"end":{"line":4,"column":49}},"1":{"start":{"line":3,"column":30},"end":{"line":3,"column":51}},"2":{"start":{"line":4,"column":16},"end":{"line":4,"column":47}}},"fnMap":{"0":{"name":"generateRandomNumber","decl":{"start":{"line":1,"column":22},"end":{"line":1,"column":42}},"loc":{"start":{"line":1,"column":45},"end":{"line":5,"column":1}}},"1":{"name":"(anonymous_1)","decl":{"start":{"line":3,"column":21},"end":{"line":3,"column":22}},"loc":{"start":{"line":3,"column":30},"end":{"line":3,"column":51}}},"2":{"name":"(anonymous_2)","decl":{"start":{"line":4,"column":10},"end":{"line":4,"column":11}},"loc":{"start":{"line":4,"column":16},"end":{"line":4,"column":47}}}},"branchMap":{},"s":{"0":1,"1":1,"2":1},"f":{"0":1,"1":1,"2":1},"b":{},"_coverageSchema":"332fd63041d2c1bcb487cc26dd0d5f7d97098a6c","hash":"0b2f97115b849a8324ae648c981accf96abb204d"}
,"/Users/javier/Development/react-native-e2e-test-detox/src/utils/api.js": {"path":"/Users/javier/Development/react-native-e2e-test-detox/src/utils/api.js","statementMap":{"0":{"start":{"line":6,"column":21},"end":{"line":6,"column":45}},"1":{"start":{"line":8,"column":16},"end":{"line":8,"column":20}},"2":{"start":{"line":13,"column":22},"end":{"line":13,"column":40}},"3":{"start":{"line":22,"column":2},"end":{"line":22,"column":60}},"4":{"start":{"line":33,"column":2},"end":{"line":33,"column":61}},"5":{"start":{"line":44,"column":2},"end":{"line":44,"column":60}},"6":{"start":{"line":54,"column":2},"end":{"line":54,"column":63}},"7":{"start":{"line":65,"column":2},"end":{"line":77,"column":3}},"8":{"start":{"line":66,"column":21},"end":{"line":66,"column":74}},"9":{"start":{"line":67,"column":4},"end":{"line":70,"column":6}},"10":{"start":{"line":73,"column":4},"end":{"line":75,"column":5}},"11":{"start":{"line":74,"column":6},"end":{"line":74,"column":41}},"12":{"start":{"line":76,"column":4},"end":{"line":76,"column":16}},"13":{"start":{"line":84,"column":18},"end":{"line":84,"column":46}},"14":{"start":{"line":85,"column":2},"end":{"line":87,"column":27}},"15":{"start":{"line":95,"column":2},"end":{"line":106,"column":3}},"16":{"start":{"line":96,"column":21},"end":{"line":96,"column":30}},"17":{"start":{"line":97,"column":18},"end":{"line":97,"column":48}},"18":{"start":{"line":98,"column":20},"end":{"line":98,"column":50}},"19":{"start":{"line":99,"column":20},"end":{"line":101,"column":25}},"20":{"start":{"line":103,"column":4},"end":{"line":103,"column":54}},"21":{"start":{"line":105,"column":4},"end":{"line":105,"column":23}},"22":{"start":{"line":113,"column":2},"end":{"line":138,"column":3}},"23":{"start":{"line":114,"column":19},"end":{"line":114,"column":34}},"24":{"start":{"line":118,"column":4},"end":{"line":127,"column":5}},"25":{"start":{"line":119,"column":22},"end":{"line":119,"column":59}},"26":{"start":{"line":120,"column":20},"end":{"line":120,"column":50}},"27":{"start":{"line":123,"column":6},"end":{"line":123,"column":69}},"28":{"start":{"line":124,"column":6},"end":{"line":124,"column":63}},"29":{"start":{"line":126,"column":6},"end":{"line":126,"column":18}},"30":{"start":{"line":130,"column":25},"end":{"line":130,"column":46}},"31":{"start":{"line":131,"column":4},"end":{"line":135,"column":6}},"32":{"start":{"line":137,"column":4},"end":{"line":137,"column":12}},"33":{"start":{"line":142,"column":18},"end":{"line":144,"column":36}},"34":{"start":{"line":146,"column":2},"end":{"line":148,"column":3}},"35":{"start":{"line":147,"column":4},"end":{"line":147,"column":46}},"36":{"start":{"line":150,"column":2},"end":{"line":150,"column":17}},"37":{"start":{"line":156,"column":2},"end":{"line":174,"column":3}},"38":{"start":{"line":157,"column":17},"end":{"line":157,"column":38}},"39":{"start":{"line":158,"column":4},"end":{"line":160,"column":5}},"40":{"start":{"line":159,"column":6},"end":{"line":159,"column":16}},"41":{"start":{"line":163,"column":20},"end":{"line":163,"column":36}},"42":{"start":{"line":164,"column":4},"end":{"line":166,"column":5}},"43":{"start":{"line":165,"column":6},"end":{"line":165,"column":29}},"44":{"start":{"line":169,"column":4},"end":{"line":169,"column":16}},"45":{"start":{"line":173,"column":4},"end":{"line":173,"column":30}},"46":{"start":{"line":181,"column":2},"end":{"line":189,"column":5}},"47":{"start":{"line":182,"column":18},"end":{"line":182,"column":68}},"48":{"start":{"line":182,"column":35},"end":{"line":182,"column":63}},"49":{"start":{"line":183,"column":4},"end":{"line":188,"column":21}},"50":{"start":{"line":185,"column":8},"end":{"line":185,"column":28}},"51":{"start":{"line":186,"column":8},"end":{"line":186,"column":26}},"52":{"start":{"line":193,"column":2},"end":{"line":198,"column":3}},"53":{"start":{"line":194,"column":21},"end":{"line":194,"column":41}},"54":{"start":{"line":195,"column":4},"end":{"line":195,"column":25}},"55":{"start":{"line":197,"column":4},"end":{"line":197,"column":12}},"56":{"start":{"line":205,"column":2},"end":{"line":211,"column":3}},"57":{"start":{"line":206,"column":20},"end":{"line":206,"column":79}},"58":{"start":{"line":207,"column":4},"end":{"line":207,"column":95}},"59":{"start":{"line":210,"column":4},"end":{"line":210,"column":108}}},"fnMap":{"0":{"name":"get","decl":{"start":{"line":21,"column":22},"end":{"line":21,"column":25}},"loc":{"start":{"line":21,"column":48},"end":{"line":23,"column":1}}},"1":{"name":"post","decl":{"start":{"line":32,"column":22},"end":{"line":32,"column":26}},"loc":{"start":{"line":32,"column":55},"end":{"line":34,"column":1}}},"2":{"name":"put","decl":{"start":{"line":43,"column":22},"end":{"line":43,"column":25}},"loc":{"start":{"line":43,"column":54},"end":{"line":45,"column":1}}},"3":{"name":"del","decl":{"start":{"line":53,"column":22},"end":{"line":53,"column":25}},"loc":{"start":{"line":53,"column":48},"end":{"line":55,"column":1}}},"4":{"name":"request","decl":{"start":{"line":64,"column":22},"end":{"line":64,"column":29}},"loc":{"start":{"line":64,"column":66},"end":{"line":78,"column":1}}},"5":{"name":"url","decl":{"start":{"line":83,"column":16},"end":{"line":83,"column":19}},"loc":{"start":{"line":83,"column":26},"end":{"line":88,"column":1}}},"6":{"name":"sendRequest","decl":{"start":{"line":93,"column":15},"end":{"line":93,"column":26}},"loc":{"start":{"line":93,"column":47},"end":{"line":107,"column":1}}},"7":{"name":"handleResponse","decl":{"start":{"line":112,"column":15},"end":{"line":112,"column":29}},"loc":{"start":{"line":112,"column":46},"end":{"line":139,"column":1}}},"8":{"name":"getRequestHeaders","decl":{"start":{"line":141,"column":9},"end":{"line":141,"column":26}},"loc":{"start":{"line":141,"column":40},"end":{"line":151,"column":1}}},"9":{"name":"getErrorMessageSafely","decl":{"start":{"line":155,"column":15},"end":{"line":155,"column":36}},"loc":{"start":{"line":155,"column":47},"end":{"line":175,"column":1}}},"10":{"name":"timeout","decl":{"start":{"line":180,"column":9},"end":{"line":180,"column":16}},"loc":{"start":{"line":180,"column":30},"end":{"line":190,"column":1}}},"11":{"name":"(anonymous_11)","decl":{"start":{"line":181,"column":21},"end":{"line":181,"column":22}},"loc":{"start":{"line":181,"column":42},"end":{"line":189,"column":3}}},"12":{"name":"(anonymous_12)","decl":{"start":{"line":182,"column":29},"end":{"line":182,"column":30}},"loc":{"start":{"line":182,"column":35},"end":{"line":182,"column":63}}},"13":{"name":"(anonymous_13)","decl":{"start":{"line":184,"column":12},"end":{"line":184,"column":13}},"loc":{"start":{"line":184,"column":24},"end":{"line":187,"column":7}}},"14":{"name":"bodyOf","decl":{"start":{"line":192,"column":15},"end":{"line":192,"column":21}},"loc":{"start":{"line":192,"column":38},"end":{"line":199,"column":1}}},"15":{"name":"logError","decl":{"start":{"line":204,"column":9},"end":{"line":204,"column":17}},"loc":{"start":{"line":204,"column":43},"end":{"line":212,"column":1}}}},"branchMap":{"0":{"loc":{"start":{"line":73,"column":4},"end":{"line":75,"column":5}},"type":"if","locations":[{"start":{"line":73,"column":4},"end":{"line":75,"column":5}},{"start":{"line":73,"column":4},"end":{"line":75,"column":5}}]},"1":{"loc":{"start":{"line":85,"column":9},"end":{"line":87,"column":26}},"type":"cond-expr","locations":[{"start":{"line":86,"column":6},"end":{"line":86,"column":20}},{"start":{"line":87,"column":6},"end":{"line":87,"column":26}}]},"2":{"loc":{"start":{"line":99,"column":20},"end":{"line":101,"column":25}},"type":"cond-expr","locations":[{"start":{"line":100,"column":8},"end":{"line":100,"column":53}},{"start":{"line":101,"column":8},"end":{"line":101,"column":25}}]},"3":{"loc":{"start":{"line":118,"column":4},"end":{"line":127,"column":5}},"type":"if","locations":[{"start":{"line":118,"column":4},"end":{"line":127,"column":5}},{"start":{"line":118,"column":4},"end":{"line":127,"column":5}}]},"4":{"loc":{"start":{"line":134,"column":12},"end":{"line":134,"column":58}},"type":"cond-expr","locations":[{"start":{"line":134,"column":27},"end":{"line":134,"column":51}},{"start":{"line":134,"column":54},"end":{"line":134,"column":58}}]},"5":{"loc":{"start":{"line":142,"column":18},"end":{"line":144,"column":36}},"type":"cond-expr","locations":[{"start":{"line":143,"column":6},"end":{"line":143,"column":72}},{"start":{"line":144,"column":6},"end":{"line":144,"column":36}}]},"6":{"loc":{"start":{"line":146,"column":2},"end":{"line":148,"column":3}},"type":"if","locations":[{"start":{"line":146,"column":2},"end":{"line":148,"column":3}},{"start":{"line":146,"column":2},"end":{"line":148,"column":3}}]},"7":{"loc":{"start":{"line":158,"column":4},"end":{"line":160,"column":5}},"type":"if","locations":[{"start":{"line":158,"column":4},"end":{"line":160,"column":5}},{"start":{"line":158,"column":4},"end":{"line":160,"column":5}}]},"8":{"loc":{"start":{"line":164,"column":4},"end":{"line":166,"column":5}},"type":"if","locations":[{"start":{"line":164,"column":4},"end":{"line":166,"column":5}},{"start":{"line":164,"column":4},"end":{"line":166,"column":5}}]},"9":{"loc":{"start":{"line":164,"column":8},"end":{"line":164,"column":34}},"type":"binary-expr","locations":[{"start":{"line":164,"column":8},"end":{"line":164,"column":15}},{"start":{"line":164,"column":19},"end":{"line":164,"column":34}}]},"10":{"loc":{"start":{"line":205,"column":2},"end":{"line":211,"column":3}},"type":"if","locations":[{"start":{"line":205,"column":2},"end":{"line":211,"column":3}},{"start":{"line":205,"column":2},"end":{"line":211,"column":3}}]}},"s":{"0":1,"1":1,"2":1,"3":7,"4":5,"5":5,"6":4,"7":21,"8":21,"9":21,"10":0,"11":0,"12":0,"13":23,"14":23,"15":21,"16":21,"17":21,"18":21,"19":21,"20":21,"21":0,"22":21,"23":21,"24":21,"25":11,"26":11,"27":11,"28":11,"29":11,"30":10,"31":10,"32":11,"33":21,"34":21,"35":21,"36":0,"37":11,"38":11,"39":11,"40":7,"41":4,"42":4,"43":4,"44":0,"45":0,"46":21,"47":21,"48":0,"49":21,"50":21,"51":21,"52":21,"53":21,"54":10,"55":11,"56":0,"57":0,"58":0,"59":0},"f":{"0":7,"1":5,"2":5,"3":4,"4":21,"5":23,"6":21,"7":21,"8":21,"9":11,"10":21,"11":21,"12":0,"13":21,"14":21,"15":0},"b":{"0":[0,0],"1":[22,1],"2":[10,11],"3":[11,10],"4":[10,0],"5":[10,11],"6":[21,0],"7":[7,4],"8":[4,0],"9":[4,4],"10":[0,0]},"_coverageSchema":"332fd63041d2c1bcb487cc26dd0d5f7d97098a6c","hash":"049431e03e0adcbdf519feb201153241cf7f7368"}
,"/Users/javier/Development/react-native-e2e-test-detox/src/utils/authentication.js": {"path":"/Users/javier/Development/react-native-e2e-test-detox/src/utils/authentication.js","statementMap":{"0":{"start":{"line":3,"column":35},"end":{"line":3,"column":66}},"1":{"start":{"line":6,"column":2},"end":{"line":6,"column":58}},"2":{"start":{"line":10,"column":2},"end":{"line":10,"column":65}},"3":{"start":{"line":14,"column":2},"end":{"line":14,"column":61}}},"fnMap":{"0":{"name":"getAuthenticationToken","decl":{"start":{"line":5,"column":16},"end":{"line":5,"column":38}},"loc":{"start":{"line":5,"column":41},"end":{"line":7,"column":1}}},"1":{"name":"setAuthenticationToken","decl":{"start":{"line":9,"column":22},"end":{"line":9,"column":44}},"loc":{"start":{"line":9,"column":52},"end":{"line":11,"column":1}}},"2":{"name":"clearAuthenticationToken","decl":{"start":{"line":13,"column":22},"end":{"line":13,"column":46}},"loc":{"start":{"line":13,"column":49},"end":{"line":15,"column":1}}}},"branchMap":{},"s":{"0":1,"1":21,"2":0,"3":0},"f":{"0":21,"1":0,"2":0},"b":{},"_coverageSchema":"332fd63041d2c1bcb487cc26dd0d5f7d97098a6c","hash":"69b7c6841f8a477c4a620d14499708e6ba6acde1"}
,"/Users/javier/Development/react-native-e2e-test-detox/src/utils/configuration.js": {"path":"/Users/javier/Development/react-native-e2e-test-detox/src/utils/configuration.js","statementMap":{"0":{"start":{"line":3,"column":20},"end":{"line":3,"column":25}},"1":{"start":{"line":6,"column":2},"end":{"line":6,"column":49}},"2":{"start":{"line":10,"column":2},"end":{"line":10,"column":50}},"3":{"start":{"line":14,"column":2},"end":{"line":14,"column":45}},"4":{"start":{"line":18,"column":2},"end":{"line":20,"column":3}},"5":{"start":{"line":19,"column":4},"end":{"line":19,"column":59}},"6":{"start":{"line":22,"column":2},"end":{"line":22,"column":32}}},"fnMap":{"0":{"name":"setConfiguration","decl":{"start":{"line":5,"column":16},"end":{"line":5,"column":32}},"loc":{"start":{"line":5,"column":46},"end":{"line":7,"column":1}}},"1":{"name":"setAll","decl":{"start":{"line":9,"column":16},"end":{"line":9,"column":22}},"loc":{"start":{"line":9,"column":35},"end":{"line":11,"column":1}}},"2":{"name":"unsetConfiguration","decl":{"start":{"line":13,"column":16},"end":{"line":13,"column":34}},"loc":{"start":{"line":13,"column":41},"end":{"line":15,"column":1}}},"3":{"name":"getConfiguration","decl":{"start":{"line":17,"column":16},"end":{"line":17,"column":32}},"loc":{"start":{"line":17,"column":38},"end":{"line":23,"column":1}}}},"branchMap":{"0":{"loc":{"start":{"line":18,"column":2},"end":{"line":20,"column":3}},"type":"if","locations":[{"start":{"line":18,"column":2},"end":{"line":20,"column":3}},{"start":{"line":18,"column":2},"end":{"line":20,"column":3}}]}},"s":{"0":1,"1":23,"2":0,"3":23,"4":23,"5":0,"6":23},"f":{"0":23,"1":0,"2":23,"3":23},"b":{"0":[0,23]},"_coverageSchema":"332fd63041d2c1bcb487cc26dd0d5f7d97098a6c","hash":"45f55e0fdde52107641d73e8132479ff74910ef4"}
,"/Users/javier/Development/react-native-e2e-test-detox/src/utils/snapshot.js": {"path":"/Users/javier/Development/react-native-e2e-test-detox/src/utils/snapshot.js","statementMap":{"0":{"start":{"line":3,"column":26},"end":{"line":3,"column":63}},"1":{"start":{"line":6,"column":16},"end":{"line":6,"column":33}},"2":{"start":{"line":7,"column":2},"end":{"line":9,"column":3}},"3":{"start":{"line":8,"column":4},"end":{"line":8,"column":25}},"4":{"start":{"line":11,"column":2},"end":{"line":11,"column":14}},"5":{"start":{"line":15,"column":2},"end":{"line":15,"column":30}},"6":{"start":{"line":19,"column":2},"end":{"line":19,"column":16}},"7":{"start":{"line":28,"column":2},"end":{"line":32,"column":3}},"8":{"start":{"line":29,"column":4},"end":{"line":29,"column":73}},"9":{"start":{"line":31,"column":4},"end":{"line":31,"column":59}},"10":{"start":{"line":41,"column":2},"end":{"line":49,"column":3}},"11":{"start":{"line":42,"column":18},"end":{"line":42,"column":63}},"12":{"start":{"line":43,"column":4},"end":{"line":45,"column":13}},"13":{"start":{"line":47,"column":4},"end":{"line":47,"column":66}},"14":{"start":{"line":48,"column":4},"end":{"line":48,"column":16}},"15":{"start":{"line":53,"column":2},"end":{"line":57,"column":3}},"16":{"start":{"line":54,"column":4},"end":{"line":54,"column":53}},"17":{"start":{"line":56,"column":4},"end":{"line":56,"column":66}}},"fnMap":{"0":{"name":"resetSnapshot","decl":{"start":{"line":5,"column":22},"end":{"line":5,"column":35}},"loc":{"start":{"line":5,"column":38},"end":{"line":12,"column":1}}},"1":{"name":"saveSnapshot","decl":{"start":{"line":14,"column":22},"end":{"line":14,"column":34}},"loc":{"start":{"line":14,"column":42},"end":{"line":16,"column":1}}},"2":{"name":"clearSnapshot","decl":{"start":{"line":18,"column":22},"end":{"line":18,"column":35}},"loc":{"start":{"line":18,"column":38},"end":{"line":20,"column":1}}},"3":{"name":"persist","decl":{"start":{"line":27,"column":15},"end":{"line":27,"column":22}},"loc":{"start":{"line":27,"column":30},"end":{"line":33,"column":1}}},"4":{"name":"rehydrate","decl":{"start":{"line":40,"column":15},"end":{"line":40,"column":24}},"loc":{"start":{"line":40,"column":27},"end":{"line":50,"column":1}}},"5":{"name":"clear","decl":{"start":{"line":52,"column":15},"end":{"line":52,"column":20}},"loc":{"start":{"line":52,"column":23},"end":{"line":58,"column":1}}}},"branchMap":{"0":{"loc":{"start":{"line":7,"column":2},"end":{"line":9,"column":3}},"type":"if","locations":[{"start":{"line":7,"column":2},"end":{"line":9,"column":3}},{"start":{"line":7,"column":2},"end":{"line":9,"column":3}}]},"1":{"loc":{"start":{"line":43,"column":11},"end":{"line":45,"column":12}},"type":"cond-expr","locations":[{"start":{"line":44,"column":8},"end":{"line":44,"column":25}},{"start":{"line":45,"column":8},"end":{"line":45,"column":12}}]}},"s":{"0":1,"1":2,"2":2,"3":0,"4":2,"5":0,"6":0,"7":0,"8":0,"9":0,"10":2,"11":2,"12":2,"13":0,"14":0,"15":0,"16":0,"17":0},"f":{"0":2,"1":0,"2":0,"3":0,"4":2,"5":0},"b":{"0":[0,2],"1":[0,2]},"_coverageSchema":"332fd63041d2c1bcb487cc26dd0d5f7d97098a6c","hash":"270a10fe740a3ca29a830928ada0a2461bc0b345"}
}
