TN:
SF:/Users/javier/Development/react-native-e2e-test-detox/src/components/DeveloperMenu.ios.js
FN:18,(anonymous_0)
FN:25,(anonymous_1)
FN:41,(anonymous_2)
FNF:3
FNH:0
FNDA:0,(anonymous_0)
FNDA:0,(anonymous_1)
FNDA:0,(anonymous_2)
DA:19,0
DA:25,0
DA:26,0
DA:27,0
DA:28,0
DA:32,0
DA:42,0
DA:43,0
DA:46,0
DA:55,1
LF:10
LH:1
BRDA:26,0,0,0
BRDA:26,0,1,0
BRDA:42,1,0,0
BRDA:42,1,1,0
BRF:4
BRH:0
end_of_record
TN:
SF:/Users/javier/Development/react-native-e2e-test-detox/src/modules/AppView.ios.js
FN:18,(anonymous_0)
FN:20,(anonymous_1)
FN:29,(anonymous_2)
FN:35,(anonymous_3)
FNF:4
FNH:3
FNDA:2,(anonymous_0)
FNDA:2,(anonymous_1)
FNDA:0,(anonymous_2)
FNDA:2,(anonymous_3)
DA:19,2
DA:21,2
DA:23,2
DA:24,0
DA:26,2
DA:29,2
DA:30,0
DA:36,2
DA:37,1
DA:44,1
DA:54,1
LF:11
LH:9
BRDA:23,0,0,0
BRDA:23,0,1,2
BRDA:36,1,0,1
BRDA:36,1,1,1
BRDA:48,2,0,1
BRDA:48,2,1,1
BRF:6
BRH:5
end_of_record
TN:
SF:/Users/javier/Development/react-native-e2e-test-detox/src/modules/colors/ColorView.js
FN:11,(anonymous_0)
FN:22,(anonymous_1)
FN:36,(anonymous_2)
FN:43,(anonymous_3)
FN:47,(anonymous_4)
FNF:5
FNH:0
FNDA:0,(anonymous_0)
FNDA:0,(anonymous_1)
FNDA:0,(anonymous_2)
FNDA:0,(anonymous_3)
FNDA:0,(anonymous_4)
DA:11,3
DA:23,0
DA:37,0
DA:38,0
DA:44,0
DA:48,0
DA:49,0
DA:57,3
LF:8
LH:2
BRF:0
BRH:0
end_of_record
TN:
SF:/Users/javier/Development/react-native-e2e-test-detox/src/modules/colors/ColorViewContainer.js
FN:8,(anonymous_0)
FNF:1
FNH:0
FNDA:0,(anonymous_0)
DA:9,0
LF:1
LH:0
BRF:0
BRH:0
end_of_record
TN:
SF:/Users/javier/Development/react-native-e2e-test-detox/src/modules/counter/CounterState.js
FN:18,increment
FN:22,reset
FN:26,random
FN:32,requestRandomNumber
FN:40,CounterStateReducer
FN:43,(anonymous_5)
FNF:6
FNH:6
FNDA:3,increment
FNDA:1,reset
FNDA:1,random
FNDA:1,requestRandomNumber
FNDA:10,CounterStateReducer
FNDA:3,(anonymous_5)
DA:6,3
DA:12,3
DA:13,3
DA:14,3
DA:15,3
DA:19,3
DA:23,1
DA:27,1
DA:33,1
DA:41,10
DA:43,3
DA:46,1
DA:49,1
DA:55,1
DA:60,4
LF:15
LH:15
BRDA:40,0,0,3
BRDA:40,1,0,0
BRDA:41,2,0,3
BRDA:41,2,1,1
BRDA:41,2,2,1
BRDA:41,2,3,1
BRDA:41,2,4,4
BRF:7
BRH:6
end_of_record
TN:
SF:/Users/javier/Development/react-native-e2e-test-detox/src/modules/counter/CounterView.js
FN:18,(anonymous_0)
FN:36,(anonymous_1)
FN:40,(anonymous_2)
FN:44,(anonymous_3)
FN:48,(anonymous_4)
FN:52,(anonymous_5)
FN:74,(anonymous_6)
FNF:7
FNH:0
FNDA:0,(anonymous_0)
FNDA:0,(anonymous_1)
FNDA:0,(anonymous_2)
FNDA:0,(anonymous_3)
FNDA:0,(anonymous_4)
FNDA:0,(anonymous_5)
FNDA:0,(anonymous_6)
DA:19,0
DA:37,0
DA:41,0
DA:45,0
DA:49,0
DA:53,0
DA:54,0
DA:57,0
DA:75,0
DA:79,0
DA:123,3
DA:130,3
LF:12
LH:2
BRDA:53,0,0,0
BRDA:53,0,1,0
BRDA:75,1,0,0
BRDA:75,1,1,0
BRF:4
BRH:0
end_of_record
TN:
SF:/Users/javier/Development/react-native-e2e-test-detox/src/modules/counter/CounterViewContainer.js
FN:8,(anonymous_0)
FN:12,(anonymous_1)
FNF:2
FNH:0
FNDA:0,(anonymous_0)
FNDA:0,(anonymous_1)
DA:8,0
DA:13,0
LF:2
LH:0
BRF:0
BRH:0
end_of_record
TN:
SF:/Users/javier/Development/react-native-e2e-test-detox/src/modules/navigator/Navigator.js
FNF:0
FNH:0
DA:7,3
DA:8,3
DA:11,3
DA:26,3
DA:36,3
LF:5
LH:5
BRF:0
BRH:0
end_of_record
TN:
SF:/Users/javier/Development/react-native-e2e-test-detox/src/modules/navigator/NavigatorState.js
FN:7,NavigatorReducer
FNF:1
FNH:1
FNDA:10,NavigatorReducer
DA:9,10
DA:10,3
DA:14,7
DA:15,0
DA:18,7
LF:5
LH:4
BRDA:9,0,0,3
BRDA:9,0,1,7
BRDA:14,1,0,0
BRDA:14,1,1,7
BRF:4
BRH:3
end_of_record
TN:
SF:/Users/javier/Development/react-native-e2e-test-detox/src/modules/navigator/NavigatorView.js
FN:21,(anonymous_0)
FNF:1
FNH:0
FNDA:0,(anonymous_0)
DA:22,0
LF:1
LH:0
BRF:0
BRH:0
end_of_record
TN:
SF:/Users/javier/Development/react-native-e2e-test-detox/src/modules/navigator/NavigatorViewContainer.js
FN:5,(anonymous_0)
FNF:1
FNH:0
FNDA:0,(anonymous_0)
DA:5,0
LF:1
LH:0
BRF:0
BRH:0
end_of_record
TN:
SF:/Users/javier/Development/react-native-e2e-test-detox/src/modules/session/SessionState.js
FN:8,resetSessionStateFromSnapshot
FN:15,initializeSessionState
FN:22,SessionStateReducer
FNF:3
FNH:3
FNDA:1,resetSessionStateFromSnapshot
FNDA:2,initializeSessionState
FNDA:10,SessionStateReducer
DA:3,3
DA:4,3
DA:6,3
DA:9,1
DA:16,2
DA:23,10
DA:26,1
DA:29,9
LF:8
LH:8
BRDA:22,0,0,3
BRDA:22,1,0,0
BRDA:23,2,0,0
BRDA:23,2,1,1
BRDA:23,2,2,9
BRF:5
BRH:3
end_of_record
TN:
SF:/Users/javier/Development/react-native-e2e-test-detox/src/redux/middleware.js
FNF:0
FNH:0
LF:0
LH:0
BRF:0
BRH:0
end_of_record
TN:
SF:/Users/javier/Development/react-native-e2e-test-detox/src/redux/reducer.js
FN:23,(anonymous_0)
FN:24,(anonymous_1)
FN:33,mainReducer
FNF:3
FNH:3
FNDA:30,(anonymous_0)
FNDA:30,(anonymous_1)
FNDA:10,mainReducer
DA:8,3
DA:22,3
DA:23,30
DA:24,30
DA:26,3
DA:34,10
DA:39,10
LF:7
LH:7
BRDA:23,0,0,30
BRDA:23,0,1,0
BRDA:34,1,0,1
BRDA:34,1,1,9
BRDA:36,2,0,9
BRDA:36,2,1,3
BRF:6
BRH:5
end_of_record
TN:
SF:/Users/javier/Development/react-native-e2e-test-detox/src/redux/store.js
FNF:0
FNH:0
DA:6,1
DA:16,1
DA:23,1
DA:26,1
LF:4
LH:4
BRDA:16,0,0,1
BRDA:16,0,1,1
BRDA:16,0,2,0
BRDA:16,0,3,1
BRF:4
BRH:3
end_of_record
TN:
SF:/Users/javier/Development/react-native-e2e-test-detox/src/redux/middleware/loggerMiddleware.js
FN:8,(anonymous_0)
FN:11,(anonymous_1)
FN:14,(anonymous_2)
FNF:3
FNH:0
FNDA:0,(anonymous_0)
FNDA:0,(anonymous_1)
FNDA:0,(anonymous_2)
DA:8,0
DA:11,0
DA:15,0
LF:3
LH:0
BRDA:15,0,0,0
BRDA:15,0,1,0
BRDA:15,1,0,0
BRDA:15,1,1,0
BRDA:15,1,2,0
BRF:5
BRH:0
end_of_record
TN:
SF:/Users/javier/Development/react-native-e2e-test-detox/src/services/randomNumberService.js
FN:1,generateRandomNumber
FN:3,(anonymous_1)
FN:4,(anonymous_2)
FNF:3
FNH:3
FNDA:1,generateRandomNumber
FNDA:1,(anonymous_1)
FNDA:1,(anonymous_2)
DA:3,1
DA:4,1
LF:2
LH:2
BRF:0
BRH:0
end_of_record
TN:
SF:/Users/javier/Development/react-native-e2e-test-detox/src/utils/api.js
FN:21,get
FN:32,post
FN:43,put
FN:53,del
FN:64,request
FN:83,url
FN:93,sendRequest
FN:112,handleResponse
FN:141,getRequestHeaders
FN:155,getErrorMessageSafely
FN:180,timeout
FN:181,(anonymous_11)
FN:182,(anonymous_12)
FN:184,(anonymous_13)
FN:192,bodyOf
FN:204,logError
FNF:16
FNH:14
FNDA:7,get
FNDA:5,post
FNDA:5,put
FNDA:4,del
FNDA:21,request
FNDA:23,url
FNDA:21,sendRequest
FNDA:21,handleResponse
FNDA:21,getRequestHeaders
FNDA:11,getErrorMessageSafely
FNDA:21,timeout
FNDA:21,(anonymous_11)
FNDA:0,(anonymous_12)
FNDA:21,(anonymous_13)
FNDA:21,bodyOf
FNDA:0,logError
DA:6,1
DA:8,1
DA:13,1
DA:22,7
DA:33,5
DA:44,5
DA:54,4
DA:65,21
DA:66,21
DA:67,21
DA:73,0
DA:74,0
DA:76,0
DA:84,23
DA:85,23
DA:95,21
DA:96,21
DA:97,21
DA:98,21
DA:99,21
DA:103,21
DA:105,0
DA:113,21
DA:114,21
DA:118,21
DA:119,11
DA:120,11
DA:123,11
DA:124,11
DA:126,11
DA:130,10
DA:131,10
DA:137,11
DA:142,21
DA:146,21
DA:147,21
DA:150,0
DA:156,11
DA:157,11
DA:158,11
DA:159,7
DA:163,4
DA:164,4
DA:165,4
DA:169,0
DA:173,0
DA:181,21
DA:182,21
DA:183,21
DA:185,21
DA:186,21
DA:193,21
DA:194,21
DA:195,10
DA:197,11
DA:205,0
DA:206,0
DA:207,0
DA:210,0
LF:59
LH:48
BRDA:73,0,0,0
BRDA:73,0,1,0
BRDA:85,1,0,22
BRDA:85,1,1,1
BRDA:99,2,0,10
BRDA:99,2,1,11
BRDA:118,3,0,11
BRDA:118,3,1,10
BRDA:134,4,0,10
BRDA:134,4,1,0
BRDA:142,5,0,10
BRDA:142,5,1,11
BRDA:146,6,0,21
BRDA:146,6,1,0
BRDA:158,7,0,7
BRDA:158,7,1,4
BRDA:164,8,0,4
BRDA:164,8,1,0
BRDA:164,9,0,4
BRDA:164,9,1,4
BRDA:205,10,0,0
BRDA:205,10,1,0
BRF:22
BRH:15
end_of_record
TN:
SF:/Users/javier/Development/react-native-e2e-test-detox/src/utils/authentication.js
FN:5,getAuthenticationToken
FN:9,setAuthenticationToken
FN:13,clearAuthenticationToken
FNF:3
FNH:1
FNDA:21,getAuthenticationToken
FNDA:0,setAuthenticationToken
FNDA:0,clearAuthenticationToken
DA:3,1
DA:6,21
DA:10,0
DA:14,0
LF:4
LH:2
BRF:0
BRH:0
end_of_record
TN:
SF:/Users/javier/Development/react-native-e2e-test-detox/src/utils/configuration.js
FN:5,setConfiguration
FN:9,setAll
FN:13,unsetConfiguration
FN:17,getConfiguration
FNF:4
FNH:3
FNDA:23,setConfiguration
FNDA:0,setAll
FNDA:23,unsetConfiguration
FNDA:23,getConfiguration
DA:3,1
DA:6,23
DA:10,0
DA:14,23
DA:18,23
DA:19,0
DA:22,23
LF:7
LH:5
BRDA:18,0,0,0
BRDA:18,0,1,23
BRF:2
BRH:1
end_of_record
TN:
SF:/Users/javier/Development/react-native-e2e-test-detox/src/utils/snapshot.js
FN:5,resetSnapshot
FN:14,saveSnapshot
FN:18,clearSnapshot
FN:27,persist
FN:40,rehydrate
FN:52,clear
FNF:6
FNH:2
FNDA:2,resetSnapshot
FNDA:0,saveSnapshot
FNDA:0,clearSnapshot
FNDA:0,persist
FNDA:2,rehydrate
FNDA:0,clear
DA:3,1
DA:6,2
DA:7,2
DA:8,0
DA:11,2
DA:15,0
DA:19,0
DA:28,0
DA:29,0
DA:31,0
DA:41,2
DA:42,2
DA:43,2
DA:47,0
DA:48,0
DA:53,0
DA:54,0
DA:56,0
LF:18
LH:7
BRDA:7,0,0,0
BRDA:7,0,1,2
BRDA:43,1,0,0
BRDA:43,1,1,2
BRF:4
BRH:2
end_of_record
